IQ-TREE multicore version 2.0.7 for Linux 64-bit built Mar 25 2024
Developed by Bui Quang Minh, Nguyen Lam Tung, Olga Chernomor,
Heiko Schmidt, Dominik Schrempf, Michael Woodhams.

Host:    vika (AVX2, FMA3, 15 GB RAM)
Command: iqtree2 -s output68.fa --redo
Seed:    818633 (Using SPRNG - Scalable Parallel Random Number Generator)
Time:    Tue Nov 19 10:52:29 2024
Kernel:  AVX+FMA - 1 threads (8 CPU cores detected)

HINT: Use -nt option to specify number of threads because your CPU has 8 cores!
HINT: -nt AUTO will automatically determine the best number of threads to use.

Reading alignment file output68.fa ... Fasta format detected
Alignment most likely contains protein sequences
Alignment has 20 sequences with 68 columns, 63 distinct patterns
39 parsimony-informative, 16 singleton sites, 13 constant sites
         Gap/Ambiguity  Composition  p-value
   1  hg38       1.47%    passed     99.84%
   2  panTro4    1.47%    passed     99.78%
   3  panPan1  100.00%    passed      -nan%
   4  gorGor3  100.00%    passed      -nan%
   5  ponAbe2    1.47%    passed     99.99%
   6  nomLeu3    1.47%    passed     99.06%
   7  rheMac3    0.00%    passed    100.00%
   8  macFas5    0.00%    passed    100.00%
   9  papAnu2    0.00%    passed    100.00%
  10  chlSab2    0.00%    passed     99.99%
  11  nasLar1    0.00%    passed    100.00%
  12  rhiRox1    0.00%    passed    100.00%
  13  calJac3    2.94%    passed     99.62%
  14  saiBol1    2.94%    passed     86.16%
  15  tarSyr2    4.41%    passed     97.79%
  16  micMur1    0.00%    passed     83.92%
  17  otoGar3    2.94%    passed     97.01%
  18  tupBel1   17.65%    passed     82.46%
  19  mm10       1.47%    passed     27.49%
  20  canFam3    2.94%    passed     99.97%
WARNING: 2 sequences contain more than 50% gaps/ambiguity
****  TOTAL     12.06%  0 sequences failed composition chi2 test (p-value<5%; df=19)
WARNING: Sequence panPan1 contains only gaps or missing data
WARNING: Sequence gorGor3 contains only gaps or missing data
ERROR: Some sequences (see above) are problematic, please check your alignment again
