IQ-TREE multicore version 2.0.7 for Linux 64-bit built Mar 25 2024
Developed by Bui Quang Minh, Nguyen Lam Tung, Olga Chernomor,
Heiko Schmidt, Dominik Schrempf, Michael Woodhams.

Host:    vika (AVX2, FMA3, 15 GB RAM)
Command: iqtree2 -s output46.fa --redo
Seed:    606762 (Using SPRNG - Scalable Parallel Random Number Generator)
Time:    Tue Nov 19 10:49:59 2024
Kernel:  AVX+FMA - 1 threads (8 CPU cores detected)

HINT: Use -nt option to specify number of threads because your CPU has 8 cores!
HINT: -nt AUTO will automatically determine the best number of threads to use.

Reading alignment file output46.fa ... Fasta format detected
Alignment most likely contains protein sequences
Alignment has 20 sequences with 70 columns, 31 distinct patterns
5 parsimony-informative, 7 singleton sites, 58 constant sites
         Gap/Ambiguity  Composition  p-value
   1  hg38       1.43%    passed    100.00%
   2  panTro4    1.43%    passed    100.00%
   3  panPan1    1.43%    passed    100.00%
   4  gorGor3    1.43%    passed    100.00%
   5  ponAbe2    1.43%    passed    100.00%
   6  nomLeu3    4.29%    passed    100.00%
   7  rheMac3    1.43%    passed    100.00%
   8  macFas5    1.43%    passed    100.00%
   9  papAnu2    1.43%    passed    100.00%
  10  chlSab2    1.43%    passed    100.00%
  11  nasLar1    1.43%    passed    100.00%
  12  rhiRox1    1.43%    passed    100.00%
  13  calJac3    2.86%    passed    100.00%
  14  saiBol1    1.43%    passed    100.00%
  15  tarSyr2    1.43%    passed    100.00%
  16  micMur1  100.00%    passed      -nan%
  17  otoGar3    1.43%    passed     99.99%
  18  tupBel1  100.00%    passed      -nan%
  19  mm10       1.43%    passed     99.95%
  20  canFam3    1.43%    passed     99.95%
WARNING: 2 sequences contain more than 50% gaps/ambiguity
****  TOTAL     11.50%  0 sequences failed composition chi2 test (p-value<5%; df=19)
WARNING: Sequence micMur1 contains only gaps or missing data
WARNING: Sequence tupBel1 contains only gaps or missing data
ERROR: Some sequences (see above) are problematic, please check your alignment again
