IQ-TREE multicore version 2.0.7 for Linux 64-bit built Mar 25 2024
Developed by Bui Quang Minh, Nguyen Lam Tung, Olga Chernomor,
Heiko Schmidt, Dominik Schrempf, Michael Woodhams.

Host:    vika (AVX2, FMA3, 15 GB RAM)
Command: iqtree2 -s output55.fa --redo
Seed:    43448 (Using SPRNG - Scalable Parallel Random Number Generator)
Time:    Tue Nov 19 10:50:22 2024
Kernel:  AVX+FMA - 1 threads (8 CPU cores detected)

HINT: Use -nt option to specify number of threads because your CPU has 8 cores!
HINT: -nt AUTO will automatically determine the best number of threads to use.

Reading alignment file output55.fa ... Fasta format detected
Alignment most likely contains protein sequences
Alignment has 20 sequences with 59 columns, 55 distinct patterns
37 parsimony-informative, 7 singleton sites, 15 constant sites
         Gap/Ambiguity  Composition  p-value
   1  hg38       0.00%    passed     99.98%
   2  panTro4    0.00%    passed    100.00%
   3  panPan1    0.00%    passed     99.99%
   4  gorGor3    0.00%    passed     99.99%
   5  ponAbe2    0.00%    passed    100.00%
   6  nomLeu3    0.00%    passed    100.00%
   7  rheMac3    0.00%    passed    100.00%
   8  macFas5    0.00%    passed     99.98%
   9  papAnu2    0.00%    passed     99.98%
  10  chlSab2    0.00%    passed    100.00%
  11  nasLar1    0.00%    passed     99.99%
  12  rhiRox1    0.00%    passed     99.97%
  13  calJac3    0.00%    passed     91.15%
  14  saiBol1    0.00%    passed     45.29%
  15  tarSyr2    1.69%    passed     64.34%
  16  micMur1    0.00%    passed     51.28%
  17  otoGar3    0.00%    passed     98.45%
  18  tupBel1    0.00%    passed     83.67%
  19  mm10       0.00%    passed     98.47%
  20  canFam3    3.39%    passed     96.19%
****  TOTAL      0.25%  0 sequences failed composition chi2 test (p-value<5%; df=19)


Create initial parsimony tree by phylogenetic likelihood library (PLL)... 0.000 seconds
Perform fast likelihood tree search using LG+I+G model...
Estimate model parameters (epsilon = 5.000)
Perform nearest neighbor interchange...
Estimate model parameters (epsilon = 1.000)
1. Initial log-likelihood: -985.545
Optimal log-likelihood: -985.481
Proportion of invariable sites: 0.168
Gamma shape alpha: 2.820
Parameters optimization took 1 rounds (0.021 sec)
Time for fast ML tree search: 0.095 seconds

NOTE: ModelFinder requires 2 MB RAM!
ModelFinder will test up to 546 protein models (sample size: 59) ...
 No. Model         -LnL         df  AIC          AICc         BIC
  1  LG            1005.190     37  2084.381     2218.286     2161.250
  2  LG+I          989.288      38  2054.577     2202.777     2133.523
  3  LG+G4         987.447      38  2050.894     2199.094     2129.841
  4  LG+I+G4       985.462      39  2048.924     2213.135     2129.948
  5  LG+R2         988.074      39  2054.149     2218.359     2135.173
  6  LG+R3         986.657      41  2055.313     2257.901     2140.492
 15  LG+F+I        988.411      57  2090.822     8702.822     2209.242
 16  LG+F+G4       984.918      57  2083.837     8695.837     2202.256
 17  LG+F+I+G4     983.604      58  2083.207     8927.207     2203.705
 18  LG+F+R2       984.584      58  2085.168     8929.168     2205.665
 28  WAG+I         978.395      38  2032.790     2180.990     2111.736
 29  WAG+G4        978.609      38  2033.217     2181.417     2112.164
 30  WAG+I+G4      976.445      39  2030.890     2195.101     2111.914
 31  WAG+R2        978.123      39  2034.246     2198.457     2115.270
 41  WAG+F+I       975.382      57  2064.764     8676.764     2183.184
 42  WAG+F+G4      973.911      57  2061.823     8673.823     2180.243
 43  WAG+F+I+G4    972.595      58  2061.189     8905.189     2181.686
 44  WAG+F+R2      973.454      58  2062.908     8906.908     2183.405
 54  JTT+I         975.586      38  2027.172     2175.372     2106.118
 55  JTT+G4        974.419      38  2024.838     2173.038     2103.784
 56  JTT+I+G4      972.512      39  2023.025     2187.235     2104.049
 57  JTT+R2        974.667      39  2027.333     2191.544     2108.357
 67  JTT+F+I       974.809      57  2063.618     8675.618     2182.037
 68  JTT+F+G4      971.846      57  2057.692     8669.692     2176.111
 69  JTT+F+I+G4    970.633      58  2057.266     8901.266     2177.763
 70  JTT+F+R2      971.289      58  2058.579     8902.579     2179.076
 80  JTTDCMut+I    974.940      38  2025.880     2174.080     2104.826
 81  JTTDCMut+G4   973.753      38  2023.506     2171.706     2102.452
 82  JTTDCMut+I+G4 971.865      39  2021.729     2185.940     2102.753
 83  JTTDCMut+R2   973.953      39  2025.906     2190.116     2106.930
 93  JTTDCMut+F+I  973.988      57  2061.977     8673.977     2180.396
 94  JTTDCMut+F+G4 970.969      57  2055.938     8667.938     2174.358
 95  JTTDCMut+F+I+G4 969.783      58  2055.567     8899.567     2176.064
 96  JTTDCMut+F+R2 970.391      58  2056.781     8900.781     2177.279
106  DCMut+I       993.074      38  2062.147     2210.347     2141.093
107  DCMut+G4      991.866      38  2059.732     2207.932     2138.679
108  DCMut+I+G4    989.924      39  2057.848     2222.059     2138.872
109  DCMut+R2      991.647      39  2061.295     2225.505     2142.319
119  DCMut+F+I     983.417      57  2080.834     8692.834     2199.254
120  DCMut+F+G4    980.993      57  2075.985     8687.985     2194.405
121  DCMut+F+I+G4  980.005      58  2076.011     8920.011     2196.508
122  DCMut+F+R2    980.307      58  2076.613     8920.613     2197.110
132  VT+I          988.673      38  2053.346     2201.546     2132.293
133  VT+G4         988.989      38  2053.978     2202.178     2132.925
134  VT+I+G4       986.612      39  2051.224     2215.435     2132.248
135  VT+R2         988.373      39  2054.745     2218.956     2135.769
145  VT+F+I        989.387      57  2092.774     8704.774     2211.194
146  VT+F+G4       988.824      57  2091.648     8703.648     2210.067
147  VT+F+I+G4     987.002      58  2090.004     8934.004     2210.502
148  VT+F+R2       987.963      58  2091.925     8935.925     2212.422
158  PMB+I         1000.497     38  2076.994     2225.194     2155.941
159  PMB+G4        1000.582     38  2077.164     2225.364     2156.110
160  PMB+I+G4      998.518      39  2075.037     2239.247     2156.061
161  PMB+R2        999.763      39  2077.526     2241.736     2158.550
171  PMB+F+I       998.266      57  2110.531     8722.531     2228.951
172  PMB+F+G4      997.842      57  2109.684     8721.684     2228.103
173  PMB+F+I+G4    996.134      58  2108.267     8952.267     2228.764
174  PMB+F+R2      996.975      58  2109.951     8953.951     2230.448
184  Blosum62+I    1002.303     38  2080.606     2228.806     2159.552
185  Blosum62+G4   1001.782     38  2079.564     2227.764     2158.511
186  Blosum62+I+G4 999.869      39  2077.738     2241.949     2158.762
187  Blosum62+R2   1000.862     39  2079.724     2243.934     2160.748
197  Blosum62+F+I  1000.210     57  2114.421     8726.421     2232.840
198  Blosum62+F+G4 999.172      57  2112.344     8724.344     2230.764
199  Blosum62+F+I+G4 997.636      58  2111.272     8955.272     2231.770
200  Blosum62+F+R2 998.114      58  2112.227     8956.227     2232.725
210  Dayhoff+I     993.036      38  2062.073     2210.273     2141.019
211  Dayhoff+G4    991.807      38  2059.615     2207.815     2138.561
212  Dayhoff+I+G4  989.867      39  2057.735     2221.945     2138.759
213  Dayhoff+R2    991.593      39  2061.186     2225.397     2142.210
223  Dayhoff+F+I   983.351      57  2080.702     8692.702     2199.121
224  Dayhoff+F+G4  980.886      57  2075.772     8687.772     2194.191
225  Dayhoff+F+I+G4 979.906      58  2075.812     8919.812     2196.309
226  Dayhoff+F+R2  979.659      58  2075.318     8919.318     2195.815
236  mtREV+I       1038.157     38  2152.314     2300.514     2231.261
237  mtREV+G4      1027.277     38  2130.555     2278.755     2209.501
238  mtREV+I+G4    1026.553     39  2131.107     2295.317     2212.131
239  mtREV+R2      1030.152     39  2138.304     2302.514     2219.328
249  mtREV+F+I     997.447      57  2108.894     8720.894     2227.313
250  mtREV+F+G4    990.477      57  2094.955     8706.955     2213.375
251  mtREV+F+I+G4  989.765      58  2095.530     8939.530     2216.027
252  mtREV+F+R2    992.767      58  2101.534     8945.534     2222.031
262  mtART+I       1093.222     38  2262.444     2410.644     2341.391
263  mtART+G4      1074.186     38  2224.373     2372.573     2303.319
264  mtART+I+G4    1073.079     39  2224.159     2388.369     2305.183
265  mtART+R2      1082.965     39  2243.930     2408.140     2324.954
275  mtART+F+I     1047.190     57  2208.380     8820.380     2326.799
276  mtART+F+G4    1034.996     57  2183.992     8795.992     2302.412
277  mtART+F+I+G4  1033.814     58  2183.628     9027.628     2304.126
278  mtART+F+R2    1038.039     58  2192.079     9036.079     2312.576
288  mtZOA+I       1054.267     38  2184.534     2332.734     2263.480
289  mtZOA+G4      1044.188     38  2164.376     2312.576     2243.322
290  mtZOA+I+G4    1042.353     39  2162.705     2326.916     2243.729
291  mtZOA+R2      1048.630     39  2175.261     2339.471     2256.285
301  mtZOA+F+I     1013.470     57  2140.939     8752.939     2259.359
302  mtZOA+F+G4    1008.178     57  2130.356     8742.356     2248.776
303  mtZOA+F+I+G4  1006.350     58  2128.701     8972.701     2249.198
304  mtZOA+F+R2    1008.551     58  2133.102     8977.102     2253.599
314  mtMet+I       1035.350     38  2146.700     2294.900     2225.647
315  mtMet+G4      1025.324     38  2126.648     2274.848     2205.594
316  mtMet+I+G4    1023.974     39  2125.947     2290.158     2206.971
317  mtMet+R2      1028.384     39  2134.768     2298.979     2215.792
327  mtMet+F+I     992.636      57  2099.272     8711.272     2217.691
328  mtMet+F+G4    988.910      57  2091.821     8703.821     2210.240
329  mtMet+F+I+G4  987.217      58  2090.433     8934.433     2210.931
330  mtMet+F+R2    988.581      58  2093.162     8937.162     2213.660
340  mtVer+I       1035.337     38  2146.675     2294.875     2225.621
341  mtVer+G4      1019.016     38  2114.032     2262.232     2192.979
342  mtVer+I+G4    1018.216     39  2114.431     2278.642     2195.455
343  mtVer+R2      1020.954     39  2119.907     2284.118     2200.931
353  mtVer+F+I     990.157      57  2094.315     8706.315     2212.735
354  mtVer+F+G4    984.221      57  2082.443     8694.443     2200.862
355  mtVer+F+I+G4  982.559      58  2081.117     8925.117     2201.614
356  mtVer+F+R2    984.695      58  2085.390     8929.390     2205.887
366  mtInv+I       1048.061     38  2172.122     2320.322     2251.069
367  mtInv+G4      1041.739     38  2159.478     2307.678     2238.424
368  mtInv+I+G4    1039.892     39  2157.784     2321.995     2238.808
369  mtInv+R2      1044.532     39  2167.064     2331.274     2248.088
379  mtInv+F+I     999.498      57  2112.997     8724.997     2231.416
380  mtInv+F+G4    996.745      57  2107.489     8719.489     2225.909
381  mtInv+F+I+G4  994.939      58  2105.878     8949.878     2226.375
382  mtInv+F+R2    996.223      58  2108.446     8952.446     2228.943
392  mtMAM+I       1070.011     38  2216.022     2364.222     2294.969
393  mtMAM+G4      1040.524     38  2157.048     2305.248     2235.994
394  mtMAM+I+G4    1040.183     39  2158.366     2322.576     2239.390
395  mtMAM+R2      1045.972     39  2169.944     2334.155     2250.968
405  mtMAM+F+I     1013.878     57  2141.755     8753.755     2260.175
406  mtMAM+F+G4    999.034      57  2112.069     8724.069     2230.488
407  mtMAM+F+I+G4  998.354      58  2112.708     8956.708     2233.205
408  mtMAM+F+R2    1001.083     58  2118.166     8962.166     2238.663
418  HIVb+I        983.646      38  2043.291     2191.491     2122.238
419  HIVb+G4       978.118      38  2032.236     2180.436     2111.183
420  HIVb+I+G4     976.849      39  2031.697     2195.908     2112.721
421  HIVb+R2       980.664      39  2039.328     2203.539     2120.352
431  HIVb+F+I      986.126      57  2086.252     8698.252     2204.672
432  HIVb+F+G4     978.371      57  2070.743     8682.743     2189.163
433  HIVb+F+I+G4   977.509      58  2071.018     8915.018     2191.515
434  HIVb+F+R2     979.496      58  2074.992     8918.992     2195.489
444  HIVw+I        979.171      38  2034.341     2182.541     2113.288
445  HIVw+G4       976.494      38  2028.988     2177.188     2107.934
446  HIVw+I+G4     974.404      39  2026.808     2191.019     2107.832
447  HIVw+R2       978.119      39  2034.238     2198.449     2115.262
457  HIVw+F+I      972.398      57  2058.797     8670.797     2177.216
458  HIVw+F+G4     969.236      57  2052.472     8664.472     2170.891
459  HIVw+F+I+G4   967.648      58  2051.295     8895.295     2171.793
460  HIVw+F+R2     969.881      58  2055.761     8899.761     2176.259
470  FLU+I         971.427      38  2018.854     2167.054     2097.800
471  FLU+G4        968.736      38  2013.471     2161.671     2092.418
472  FLU+I+G4      966.845      39  2011.690     2175.900     2092.714
473  FLU+R2        970.565      39  2019.129     2183.340     2100.153
483  FLU+F+I       962.938      57  2039.876     8651.876     2158.295
484  FLU+F+G4      959.451      57  2032.901     8644.901     2151.321
485  FLU+F+I+G4    958.460      58  2032.920     8876.920     2153.417
486  FLU+F+R2      960.992      58  2037.985     8881.985     2158.482
496  rtREV+I       1004.854     38  2085.707     2233.907     2164.654
497  rtREV+G4      1003.305     38  2082.610     2230.810     2161.556
498  rtREV+I+G4    1000.806     39  2079.612     2243.823     2160.636
499  rtREV+R2      1003.502     39  2085.004     2249.215     2166.028
509  rtREV+F+I     1008.498     57  2130.996     8742.996     2249.415
510  rtREV+F+G4    1005.300     57  2124.600     8736.600     2243.020
511  rtREV+F+I+G4  1003.644     58  2123.289     8967.289     2243.786
512  rtREV+F+R2    1004.656     58  2125.312     8969.312     2245.809
522  cpREV+I       985.130      38  2046.259     2194.459     2125.206
523  cpREV+G4      986.660      38  2049.320     2197.520     2128.267
524  cpREV+I+G4    983.221      39  2044.443     2208.653     2125.467
525  cpREV+R2      986.575      39  2051.149     2215.360     2132.173
535  cpREV+F+I     985.233      57  2084.466     8696.466     2202.886
536  cpREV+F+G4    984.251      57  2082.502     8694.502     2200.922
537  cpREV+F+I+G4  981.906      58  2079.813     8923.813     2200.310
538  cpREV+F+R2    984.167      58  2084.334     8928.334     2204.831
Akaike Information Criterion:           FLU+I+G4
Corrected Akaike Information Criterion: FLU+G4
Bayesian Information Criterion:         FLU+G4
Best-fit model: FLU+G4 chosen according to BIC

All model information printed to output55.fa.model.gz
CPU time for ModelFinder: 5.606 seconds (0h:0m:5s)
Wall-clock time for ModelFinder: 5.659 seconds (0h:0m:5s)

NOTE: 0 MB RAM (0 GB) is required!
Estimate model parameters (epsilon = 0.100)
1. Initial log-likelihood: -968.736
Optimal log-likelihood: -968.736
Gamma shape alpha: 1.287
Parameters optimization took 1 rounds (0.012 sec)
Computing ML distances based on estimated model parameters... 0.037 sec
Computing BIONJ tree...
0.000 seconds
Log-likelihood of BIONJ tree: -969.827
--------------------------------------------------------------------
|             INITIALIZING CANDIDATE TREE SET                      |
--------------------------------------------------------------------
Generating 98 parsimony trees... 0.084 second
Computing log-likelihood of 98 initial trees ... 0.342 seconds
Current best score: -968.736

Do NNI search on 20 best initial trees
Estimate model parameters (epsilon = 0.100)
BETTER TREE FOUND at iteration 1: -968.736
Estimate model parameters (epsilon = 0.100)
BETTER TREE FOUND at iteration 4: -968.227
Iteration 10 / LogL: -968.736 / Time: 0h:0m:0s
Iteration 20 / LogL: -968.736 / Time: 0h:0m:1s
Finish initializing candidate tree set (3)
Current best tree score: -968.227 / CPU time: 1.460
Number of iterations: 20
--------------------------------------------------------------------
|               OPTIMIZING CANDIDATE TREE SET                      |
--------------------------------------------------------------------
Iteration 30 / LogL: -968.473 / Time: 0h:0m:2s (0h:0m:6s left)
Iteration 40 / LogL: -968.736 / Time: 0h:0m:3s (0h:0m:5s left)
Iteration 50 / LogL: -968.227 / Time: 0h:0m:4s (0h:0m:4s left)
Iteration 60 / LogL: -968.235 / Time: 0h:0m:4s (0h:0m:3s left)
Iteration 70 / LogL: -969.658 / Time: 0h:0m:5s (0h:0m:2s left)
Iteration 80 / LogL: -968.227 / Time: 0h:0m:6s (0h:0m:1s left)
Iteration 90 / LogL: -968.227 / Time: 0h:0m:7s (0h:0m:1s left)
Iteration 100 / LogL: -968.227 / Time: 0h:0m:8s (0h:0m:0s left)
TREE SEARCH COMPLETED AFTER 105 ITERATIONS / Time: 0h:0m:8s

--------------------------------------------------------------------
|                    FINALIZING TREE SEARCH                        |
--------------------------------------------------------------------
Performs final model parameters optimization
Estimate model parameters (epsilon = 0.010)
1. Initial log-likelihood: -968.227
Optimal log-likelihood: -968.227
Gamma shape alpha: 1.296
Parameters optimization took 1 rounds (0.011 sec)
BEST SCORE FOUND : -968.227
Total tree length: 4.685

Total number of iterations: 105
CPU time used for tree search: 8.702 sec (0h:0m:8s)
Wall-clock time used for tree search: 8.793 sec (0h:0m:8s)
Total CPU time used: 8.782 sec (0h:0m:8s)
Total wall-clock time used: 8.876 sec (0h:0m:8s)

Analysis results written to: 
  IQ-TREE report:                output55.fa.iqtree
  Maximum-likelihood tree:       output55.fa.treefile
  Likelihood distances:          output55.fa.mldist
  Screen log file:               output55.fa.log

Date and Time: Tue Nov 19 10:50:36 2024
