IQ-TREE multicore version 2.0.7 for Linux 64-bit built Mar 25 2024
Developed by Bui Quang Minh, Nguyen Lam Tung, Olga Chernomor,
Heiko Schmidt, Dominik Schrempf, Michael Woodhams.

Host:    vika (AVX2, FMA3, 15 GB RAM)
Command: iqtree2 -s output33.fa --redo
Seed:    533826 (Using SPRNG - Scalable Parallel Random Number Generator)
Time:    Tue Nov 19 10:49:59 2024
Kernel:  AVX+FMA - 1 threads (8 CPU cores detected)

HINT: Use -nt option to specify number of threads because your CPU has 8 cores!
HINT: -nt AUTO will automatically determine the best number of threads to use.

Reading alignment file output33.fa ... Fasta format detected
Alignment most likely contains protein sequences
Alignment has 20 sequences with 27 columns, 20 distinct patterns
2 parsimony-informative, 5 singleton sites, 20 constant sites
         Gap/Ambiguity  Composition  p-value
   1  hg38       0.00%    passed    100.00%
   2  panTro4    0.00%    passed    100.00%
   3  panPan1    0.00%    passed    100.00%
   4  gorGor3    0.00%    passed    100.00%
   5  ponAbe2    0.00%    passed     99.97%
   6  nomLeu3    0.00%    passed     99.96%
   7  rheMac3    0.00%    passed    100.00%
   8  macFas5    0.00%    passed    100.00%
   9  papAnu2    0.00%    passed    100.00%
  10  chlSab2    0.00%    passed    100.00%
  11  nasLar1    0.00%    passed    100.00%
  12  rhiRox1    0.00%    passed    100.00%
  13  calJac3  100.00%    passed      -nan%
  14  saiBol1    0.00%    passed    100.00%
  15  tarSyr2    0.00%    passed    100.00%
  16  micMur1    0.00%    passed    100.00%
  17  otoGar3    0.00%    passed     52.67%
  18  tupBel1  100.00%    passed      -nan%
  19  mm10       0.00%    passed    100.00%
  20  canFam3    0.00%    passed     30.77%
WARNING: 2 sequences contain more than 50% gaps/ambiguity
****  TOTAL     10.00%  0 sequences failed composition chi2 test (p-value<5%; df=19)
WARNING: Sequence calJac3 contains only gaps or missing data
WARNING: Sequence tupBel1 contains only gaps or missing data
ERROR: Some sequences (see above) are problematic, please check your alignment again
