IQ-TREE multicore version 2.0.7 for Linux 64-bit built Mar 25 2024
Developed by Bui Quang Minh, Nguyen Lam Tung, Olga Chernomor,
Heiko Schmidt, Dominik Schrempf, Michael Woodhams.

Host:    vika (AVX2, FMA3, 15 GB RAM)
Command: iqtree2 -s output93.fa --redo
Seed:    62162 (Using SPRNG - Scalable Parallel Random Number Generator)
Time:    Tue Nov 19 10:53:33 2024
Kernel:  AVX+FMA - 1 threads (8 CPU cores detected)

HINT: Use -nt option to specify number of threads because your CPU has 8 cores!
HINT: -nt AUTO will automatically determine the best number of threads to use.

Reading alignment file output93.fa ... Fasta format detected
Alignment most likely contains protein sequences
Alignment has 20 sequences with 117 columns, 63 distinct patterns
7 parsimony-informative, 17 singleton sites, 93 constant sites
         Gap/Ambiguity  Composition  p-value
   1  hg38       0.00%    passed    100.00%
   2  panTro4  100.00%    passed      -nan%
   3  panPan1    0.00%    passed    100.00%
   4  gorGor3    0.00%    passed    100.00%
   5  ponAbe2    0.00%    passed    100.00%
   6  nomLeu3  100.00%    passed      -nan%
   7  rheMac3   48.72%    passed     91.72%
   8  macFas5    0.00%    passed    100.00%
   9  papAnu2    0.00%    passed    100.00%
  10  chlSab2    0.00%    passed    100.00%
  11  nasLar1    0.00%    passed    100.00%
  12  rhiRox1    0.00%    passed    100.00%
  13  calJac3    0.00%    passed    100.00%
  14  saiBol1   47.01%    passed     98.63%
  15  tarSyr2   36.75%    passed     99.95%
  16  micMur1    2.56%    passed    100.00%
  17  otoGar3    0.00%    passed     99.30%
  18  tupBel1  100.00%    passed      -nan%
  19  mm10       0.00%    passed     95.11%
  20  canFam3    0.00%    passed    100.00%
WARNING: 3 sequences contain more than 50% gaps/ambiguity
****  TOTAL     21.75%  0 sequences failed composition chi2 test (p-value<5%; df=19)
WARNING: Sequence panTro4 contains only gaps or missing data
WARNING: Sequence nomLeu3 contains only gaps or missing data
WARNING: Sequence tupBel1 contains only gaps or missing data
ERROR: Some sequences (see above) are problematic, please check your alignment again
