IQ-TREE multicore version 2.0.7 for Linux 64-bit built Mar 25 2024
Developed by Bui Quang Minh, Nguyen Lam Tung, Olga Chernomor,
Heiko Schmidt, Dominik Schrempf, Michael Woodhams.

Host:    vika (AVX2, FMA3, 15 GB RAM)
Command: iqtree2 -s output64.fa --redo
Seed:    219366 (Using SPRNG - Scalable Parallel Random Number Generator)
Time:    Tue Nov 19 10:52:00 2024
Kernel:  AVX+FMA - 1 threads (8 CPU cores detected)

HINT: Use -nt option to specify number of threads because your CPU has 8 cores!
HINT: -nt AUTO will automatically determine the best number of threads to use.

Reading alignment file output64.fa ... Fasta format detected
Alignment most likely contains protein sequences
Alignment has 20 sequences with 58 columns, 52 distinct patterns
24 parsimony-informative, 17 singleton sites, 17 constant sites
         Gap/Ambiguity  Composition  p-value
   1  hg38       0.00%    passed    100.00%
   2  panTro4    0.00%    passed    100.00%
   3  panPan1    0.00%    passed    100.00%
   4  gorGor3    0.00%    passed    100.00%
   5  ponAbe2    0.00%    passed    100.00%
   6  nomLeu3    0.00%    passed     99.88%
   7  rheMac3    0.00%    passed    100.00%
   8  macFas5    0.00%    passed    100.00%
   9  papAnu2    0.00%    passed    100.00%
  10  chlSab2    0.00%    passed     99.99%
  11  nasLar1    0.00%    passed     99.99%
  12  rhiRox1    0.00%    passed    100.00%
  13  calJac3    0.00%    passed     97.25%
  14  saiBol1    0.00%    passed     98.80%
  15  tarSyr2    3.45%    passed     57.45%
  16  micMur1    0.00%    passed     97.85%
  17  otoGar3    0.00%    passed     84.48%
  18  tupBel1    3.45%    passed     97.25%
  19  mm10       0.00%    passed     99.68%
  20  canFam3    5.17%    passed     54.11%
****  TOTAL      0.60%  0 sequences failed composition chi2 test (p-value<5%; df=19)
NOTE: panTro4 is identical to hg38 but kept for subsequent analysis
NOTE: macFas5 is identical to rheMac3 but kept for subsequent analysis
NOTE: 2 identical sequences (see below) will be ignored for subsequent analysis
NOTE: panPan1 (identical to hg38) is ignored but added at the end
NOTE: gorGor3 (identical to hg38) is ignored but added at the end
Alignment was printed to output64.fa.uniqueseq.phy

For your convenience alignment with unique sequences printed to output64.fa.uniqueseq.phy


Create initial parsimony tree by phylogenetic likelihood library (PLL)... 0.000 seconds
Perform fast likelihood tree search using LG+I+G model...
Estimate model parameters (epsilon = 5.000)
Perform nearest neighbor interchange...
Estimate model parameters (epsilon = 1.000)
1. Initial log-likelihood: -768.385
Optimal log-likelihood: -768.299
Proportion of invariable sites: 0.092
Gamma shape alpha: 1.489
Parameters optimization took 1 rounds (0.018 sec)
Time for fast ML tree search: 0.068 seconds

NOTE: ModelFinder requires 2 MB RAM!
ModelFinder will test up to 546 protein models (sample size: 58) ...
 No. Model         -LnL         df  AIC          AICc         BIC
  1  LG            781.567      33  1629.133     1722.633     1697.128
  2  LG+I          774.673      34  1617.345     1720.824     1687.401
  3  LG+G4         767.881      34  1603.762     1707.240     1673.817
  4  LG+I+G4       768.237      35  1606.475     1721.020     1678.590
  5  LG+R2         767.854      35  1605.707     1720.253     1677.823
  6  LG+R3         767.788      37  1609.576     1750.176     1685.813
 16  LG+F+G4       771.268      53  1648.536     3079.536     1757.739
 17  LG+F+I+G4     771.603      54  1651.207     3631.207     1762.471
 18  LG+F+R2       771.584      54  1651.168     3631.168     1762.432
 29  WAG+G4        755.842      34  1579.683     1683.161     1649.738
 30  WAG+I+G4      756.022      35  1582.043     1696.589     1654.159
 31  WAG+R2        755.985      35  1581.970     1696.515     1654.085
 42  WAG+F+G4      759.202      53  1624.404     3055.404     1733.607
 43  WAG+F+I+G4    759.355      54  1626.710     3606.710     1737.974
 44  WAG+F+R2      759.798      54  1627.596     3607.596     1738.860
 55  JTT+G4        746.405      34  1560.809     1664.287     1630.864
 56  JTT+I+G4      746.689      35  1563.379     1677.924     1635.494
 57  JTT+R2        746.844      35  1563.688     1678.233     1635.804
 68  JTT+F+G4      752.908      53  1611.815     3042.815     1721.019
 69  JTT+F+I+G4    753.192      54  1614.384     3594.384     1725.648
 70  JTT+F+R2      752.730      54  1613.459     3593.459     1724.723
 81  JTTDCMut+G4   746.085      34  1560.171     1663.649     1630.226
 82  JTTDCMut+I+G4 746.375      35  1562.751     1677.296     1634.866
 83  JTTDCMut+R2   746.539      35  1563.079     1677.624     1635.194
 94  JTTDCMut+F+G4 752.440      53  1610.879     3041.879     1720.083
 95  JTTDCMut+F+I+G4 752.734      54  1613.467     3593.467     1724.731
 96  JTTDCMut+F+R2 752.212      54  1612.423     3592.423     1723.687
107  DCMut+G4      758.005      34  1584.011     1687.489     1654.066
108  DCMut+I+G4    758.065      35  1586.129     1700.674     1658.245
109  DCMut+R2      758.922      35  1587.844     1702.390     1659.960
120  DCMut+F+G4    762.045      53  1630.089     3061.089     1739.293
121  DCMut+F+I+G4  762.135      54  1632.270     3612.270     1743.534
122  DCMut+F+R2    762.483      54  1632.966     3612.966     1744.229
133  VT+G4         757.706      34  1583.412     1686.890     1653.467
134  VT+I+G4       757.962      35  1585.924     1700.469     1658.039
135  VT+R2         757.789      35  1585.578     1700.124     1657.694
146  VT+F+G4       764.179      53  1634.358     3065.358     1743.562
147  VT+F+I+G4     764.420      54  1636.839     3616.839     1748.103
148  VT+F+R2       764.704      54  1637.408     3617.408     1748.672
159  PMB+G4        772.316      34  1612.631     1716.110     1682.686
160  PMB+I+G4      772.620      35  1615.240     1729.785     1687.356
161  PMB+R2        772.376      35  1614.751     1729.297     1686.867
172  PMB+F+G4      777.295      53  1660.589     3091.589     1769.793
173  PMB+F+I+G4    777.543      54  1663.085     3643.085     1774.349
174  PMB+F+R2      777.797      54  1663.595     3643.595     1774.859
185  Blosum62+G4   777.030      34  1622.059     1725.538     1692.114
186  Blosum62+I+G4 777.335      35  1624.670     1739.215     1696.785
187  Blosum62+R2   777.076      35  1624.153     1738.698     1696.268
198  Blosum62+F+G4 781.153      53  1668.306     3099.306     1777.509
199  Blosum62+F+I+G4 781.371      54  1670.742     3650.742     1782.006
200  Blosum62+F+R2 781.699      54  1671.397     3651.397     1782.661
211  Dayhoff+G4    758.020      34  1584.040     1687.519     1654.096
212  Dayhoff+I+G4  758.077      35  1586.154     1700.700     1658.270
213  Dayhoff+R2    758.941      35  1587.882     1702.427     1659.997
224  Dayhoff+F+G4  762.020      53  1630.041     3061.041     1739.244
225  Dayhoff+F+I+G4 762.108      54  1632.217     3612.217     1743.481
226  Dayhoff+F+R2  762.464      54  1632.928     3612.928     1744.192
237  mtREV+G4      784.254      34  1636.508     1739.986     1706.563
238  mtREV+I+G4    784.626      35  1639.252     1753.798     1711.368
239  mtREV+R2      784.715      35  1639.430     1753.975     1711.545
250  mtREV+F+G4    766.979      53  1639.958     3070.958     1749.162
251  mtREV+F+I+G4  767.260      54  1642.519     3622.519     1753.783
252  mtREV+F+R2    767.484      54  1642.969     3622.969     1754.232
263  mtART+G4      827.422      34  1722.845     1826.323     1792.900
264  mtART+I+G4    827.781      35  1725.563     1840.108     1797.678
265  mtART+R2      829.492      35  1728.984     1843.530     1801.100
276  mtART+F+G4    807.430      53  1720.860     3151.860     1830.064
277  mtART+F+I+G4  807.702      54  1723.404     3703.404     1834.668
278  mtART+F+R2    808.852      54  1725.705     3705.705     1836.969
289  mtZOA+G4      810.575      34  1689.149     1792.627     1759.204
290  mtZOA+I+G4    810.924      35  1691.849     1806.394     1763.964
291  mtZOA+R2      811.635      35  1693.270     1807.815     1765.386
302  mtZOA+F+G4    796.227      53  1698.453     3129.453     1807.657
303  mtZOA+F+I+G4  796.506      54  1701.012     3681.012     1812.276
304  mtZOA+F+R2    796.905      54  1701.811     3681.811     1813.074
315  mtMet+G4      788.457      34  1644.915     1748.393     1714.970
316  mtMet+I+G4    788.858      35  1647.717     1762.262     1719.832
317  mtMet+R2      788.301      35  1646.603     1761.148     1718.718
328  mtMet+F+G4    768.671      53  1643.342     3074.342     1752.546
329  mtMet+F+I+G4  768.975      54  1645.949     3625.949     1757.213
330  mtMet+F+R2    768.696      54  1645.393     3625.393     1756.657
341  mtVer+G4      781.840      34  1631.679     1735.158     1701.734
342  mtVer+I+G4    781.532      35  1633.063     1747.608     1705.179
343  mtVer+R2      780.503      35  1631.005     1745.551     1703.121
354  mtVer+F+G4    769.647      53  1645.294     3076.294     1754.498
355  mtVer+F+I+G4  769.968      54  1647.936     3627.936     1759.200
356  mtVer+F+R2    769.425      54  1646.850     3626.850     1758.114
367  mtInv+G4      805.001      34  1678.001     1781.480     1748.057
368  mtInv+I+G4    805.390      35  1680.781     1795.326     1752.896
369  mtInv+R2      804.847      35  1679.694     1794.239     1751.809
380  mtInv+F+G4    773.447      53  1652.894     3083.894     1762.097
381  mtInv+F+I+G4  773.764      54  1655.527     3635.527     1766.791
382  mtInv+F+R2    773.571      54  1655.143     3635.143     1766.407
393  mtMAM+G4      791.187      34  1650.374     1753.852     1720.429
394  mtMAM+I+G4    791.359      35  1652.719     1767.264     1724.834
395  mtMAM+R2      791.535      35  1653.069     1767.615     1725.185
406  mtMAM+F+G4    773.430      53  1652.859     3083.859     1762.063
407  mtMAM+F+I+G4  773.798      54  1655.597     3635.597     1766.861
408  mtMAM+F+R2    774.415      54  1656.831     3636.831     1768.095
419  HIVb+G4       749.618      34  1567.236     1670.714     1637.291
420  HIVb+I+G4     749.888      35  1569.777     1684.322     1641.892
421  HIVb+R2       750.283      35  1570.567     1685.112     1642.682
432  HIVb+F+G4     749.130      53  1604.261     3035.261     1713.464
433  HIVb+F+I+G4   749.463      54  1606.925     3586.925     1718.189
434  HIVb+F+R2     748.722      54  1605.443     3585.443     1716.707
445  HIVw+G4       749.695      34  1567.390     1670.868     1637.445
446  HIVw+I+G4     749.769      35  1569.539     1684.084     1641.654
447  HIVw+R2       750.210      35  1570.420     1684.966     1642.536
458  HIVw+F+G4     748.267      53  1602.534     3033.534     1711.738
459  HIVw+F+I+G4   748.430      54  1604.860     3584.860     1716.124
460  HIVw+F+R2     748.503      54  1605.005     3585.005     1716.269
471  FLU+G4        746.691      34  1561.381     1664.860     1631.436
472  FLU+I+G4      746.869      35  1563.737     1678.283     1635.853
473  FLU+R2        747.123      35  1564.246     1678.791     1636.361
484  FLU+F+G4      745.410      53  1596.821     3027.821     1706.024
485  FLU+F+I+G4    745.718      54  1599.436     3579.436     1710.700
486  FLU+F+R2      745.820      54  1599.640     3579.640     1710.904
497  rtREV+G4      768.907      34  1605.814     1709.292     1675.869
498  rtREV+I+G4    769.249      35  1608.498     1723.044     1680.614
499  rtREV+R2      768.805      35  1607.610     1722.156     1679.726
510  rtREV+F+G4    777.628      53  1661.256     3092.256     1770.459
511  rtREV+F+I+G4  777.996      54  1663.992     3643.992     1775.255
512  rtREV+F+R2    777.898      54  1663.795     3643.795     1775.059
523  cpREV+G4      760.278      34  1588.556     1692.034     1658.611
524  cpREV+I+G4    760.521      35  1591.042     1705.588     1663.158
525  cpREV+R2      760.532      35  1591.064     1705.609     1663.179
536  cpREV+F+G4    765.215      53  1636.430     3067.430     1745.634
537  cpREV+F+I+G4  765.435      54  1638.870     3618.870     1750.134
538  cpREV+F+R2    765.604      54  1639.208     3619.208     1750.472
Akaike Information Criterion:           JTTDCMut+G4
Corrected Akaike Information Criterion: JTTDCMut+G4
Bayesian Information Criterion:         JTTDCMut+G4
Best-fit model: JTTDCMut+G4 chosen according to BIC

All model information printed to output64.fa.model.gz
CPU time for ModelFinder: 4.916 seconds (0h:0m:4s)
Wall-clock time for ModelFinder: 4.962 seconds (0h:0m:4s)

NOTE: 0 MB RAM (0 GB) is required!
Estimate model parameters (epsilon = 0.100)
1. Initial log-likelihood: -746.085
Optimal log-likelihood: -746.085
Gamma shape alpha: 1.106
Parameters optimization took 1 rounds (0.010 sec)
Computing ML distances based on estimated model parameters... 0.029 sec
Computing BIONJ tree...
0.000 seconds
Log-likelihood of BIONJ tree: -742.216
--------------------------------------------------------------------
|             INITIALIZING CANDIDATE TREE SET                      |
--------------------------------------------------------------------
Generating 98 parsimony trees... 0.081 second
Computing log-likelihood of 98 initial trees ... 0.325 seconds
Current best score: -741.875

Do NNI search on 20 best initial trees
Estimate model parameters (epsilon = 0.100)
BETTER TREE FOUND at iteration 1: -741.700
Estimate model parameters (epsilon = 0.100)
BETTER TREE FOUND at iteration 10: -740.918
Iteration 10 / LogL: -740.918 / Time: 0h:0m:0s
Iteration 20 / LogL: -743.395 / Time: 0h:0m:1s
Finish initializing candidate tree set (7)
Current best tree score: -740.918 / CPU time: 1.266
Number of iterations: 20
--------------------------------------------------------------------
|               OPTIMIZING CANDIDATE TREE SET                      |
--------------------------------------------------------------------
Estimate model parameters (epsilon = 0.100)
BETTER TREE FOUND at iteration 22: -740.833
BETTER TREE FOUND at iteration 27: -740.833
Iteration 30 / LogL: -740.833 / Time: 0h:0m:2s (0h:0m:7s left)
Iteration 40 / LogL: -740.833 / Time: 0h:0m:2s (0h:0m:6s left)
Iteration 50 / LogL: -741.877 / Time: 0h:0m:3s (0h:0m:5s left)
Iteration 60 / LogL: -744.333 / Time: 0h:0m:4s (0h:0m:4s left)
Iteration 70 / LogL: -740.833 / Time: 0h:0m:4s (0h:0m:3s left)
Iteration 80 / LogL: -740.833 / Time: 0h:0m:5s (0h:0m:3s left)
Iteration 90 / LogL: -744.159 / Time: 0h:0m:5s (0h:0m:2s left)
Iteration 100 / LogL: -740.833 / Time: 0h:0m:6s (0h:0m:1s left)
Iteration 110 / LogL: -740.927 / Time: 0h:0m:7s (0h:0m:1s left)
Iteration 120 / LogL: -740.833 / Time: 0h:0m:7s (0h:0m:0s left)
UPDATE BEST LOG-LIKELIHOOD: -740.833
TREE SEARCH COMPLETED AFTER 128 ITERATIONS / Time: 0h:0m:8s

--------------------------------------------------------------------
|                    FINALIZING TREE SEARCH                        |
--------------------------------------------------------------------
Performs final model parameters optimization
Estimate model parameters (epsilon = 0.010)
1. Initial log-likelihood: -740.833
Optimal log-likelihood: -740.833
Gamma shape alpha: 0.997
Parameters optimization took 1 rounds (0.010 sec)
BEST SCORE FOUND : -740.833
Total tree length: 2.765

Total number of iterations: 128
CPU time used for tree search: 8.520 sec (0h:0m:8s)
Wall-clock time used for tree search: 8.568 sec (0h:0m:8s)
Total CPU time used: 8.586 sec (0h:0m:8s)
Total wall-clock time used: 8.634 sec (0h:0m:8s)

Analysis results written to: 
  IQ-TREE report:                output64.fa.iqtree
  Maximum-likelihood tree:       output64.fa.treefile
  Likelihood distances:          output64.fa.mldist
  Screen log file:               output64.fa.log

Date and Time: Tue Nov 19 10:52:13 2024
